[2025-08-01 14:17:39,121] [ERROR] django.request: Internal Server Error: /api/ola/orcamentos/orcamentos/
Traceback (most recent call last):
  File "C:\mobile-sps\venv\Lib\site-packages\django\core\handlers\exception.py", line 34, in inner
    response = get_response(request)
               ^^^^^^^^^^^^^^^^^^^^^
  File "C:\mobile-sps\venv\Lib\site-packages\django\core\handlers\base.py", line 115, in _get_response
    response = self.process_exception_by_middleware(e, request)
               ^^^^^^^^^^^^^^^^^^^^^^^^^^^^^^^^^^^^^^^^^^^^^^^^
  File "C:\mobile-sps\venv\Lib\site-packages\django\core\handlers\base.py", line 113, in _get_response
    response = wrapped_callback(request, *callback_args, **callback_kwargs)
               ^^^^^^^^^^^^^^^^^^^^^^^^^^^^^^^^^^^^^^^^^^^^^^^^^^^^^^^^^^^^
  File "C:\mobile-sps\venv\Lib\site-packages\django\views\decorators\csrf.py", line 54, in wrapped_view
    return view_func(*args, **kwargs)
           ^^^^^^^^^^^^^^^^^^^^^^^^^^
  File "C:\mobile-sps\venv\Lib\site-packages\rest_framework\viewsets.py", line 125, in view
    return self.dispatch(request, *args, **kwargs)
           ^^^^^^^^^^^^^^^^^^^^^^^^^^^^^^^^^^^^^^^
  File "C:\mobile-sps\core\decorator.py", line 58, in dispatch
    return super().dispatch(request, *args, **kwargs)
           ^^^^^^^^^^^^^^^^^^^^^^^^^^^^^^^^^^^^^^^^^^
  File "C:\mobile-sps\venv\Lib\site-packages\rest_framework\views.py", line 509, in dispatch
    response = self.handle_exception(exc)
               ^^^^^^^^^^^^^^^^^^^^^^^^^^
  File "C:\mobile-sps\venv\Lib\site-packages\rest_framework\views.py", line 469, in handle_exception
    self.raise_uncaught_exception(exc)
  File "C:\mobile-sps\venv\Lib\site-packages\rest_framework\views.py", line 480, in raise_uncaught_exception
    raise exc
  File "C:\mobile-sps\venv\Lib\site-packages\rest_framework\views.py", line 506, in dispatch
    response = handler(request, *args, **kwargs)
               ^^^^^^^^^^^^^^^^^^^^^^^^^^^^^^^^^
  File "C:\mobile-sps\venv\Lib\site-packages\rest_framework\mixins.py", line 40, in list
    page = self.paginate_queryset(queryset)
           ^^^^^^^^^^^^^^^^^^^^^^^^^^^^^^^^
  File "C:\mobile-sps\venv\Lib\site-packages\rest_framework\generics.py", line 171, in paginate_queryset
    return self.paginator.paginate_queryset(queryset, self.request, view=self)
           ^^^^^^^^^^^^^^^^^^^^^^^^^^^^^^^^^^^^^^^^^^^^^^^^^^^^^^^^^^^^^^^^^^^
  File "C:\mobile-sps\venv\Lib\site-packages\rest_framework\pagination.py", line 395, in paginate_queryset
    return list(queryset[self.offset:self.offset + self.limit])
           ^^^^^^^^^^^^^^^^^^^^^^^^^^^^^^^^^^^^^^^^^^^^^^^^^^^^
  File "C:\mobile-sps\venv\Lib\site-packages\django\db\models\query.py", line 274, in __iter__
    self._fetch_all()
  File "C:\mobile-sps\venv\Lib\site-packages\django\db\models\query.py", line 1244, in _fetch_all
    self._prefetch_related_objects()
  File "C:\mobile-sps\venv\Lib\site-packages\django\db\models\query.py", line 771, in _prefetch_related_objects
    prefetch_related_objects(self._result_cache, *self._prefetch_related_lookups)
  File "C:\mobile-sps\venv\Lib\site-packages\django\db\models\query.py", line 1612, in prefetch_related_objects
    raise AttributeError("Cannot find '%s' on %s object, '%s' is an invalid "
AttributeError: Cannot find 'itensorcamento_set' on Orcamentos object, 'itensorcamento_set' is an invalid parameter to prefetch_related()
[2025-08-01 14:17:39,129] [ERROR] django.server: "GET /api/ola/orcamentos/orcamentos/?limit=50&offset=0&search=&cliente_nome=&pedi_nume=&pedi_empr=1&pedi_fili=1&pedi_usua=1 HTTP/1.1" 500 23886
[2025-08-01 14:17:42,980] [ERROR] django.request: Internal Server Error: /api/ola/orcamentos/orcamentos/
Traceback (most recent call last):
  File "C:\mobile-sps\venv\Lib\site-packages\django\core\handlers\exception.py", line 34, in inner
    response = get_response(request)
               ^^^^^^^^^^^^^^^^^^^^^
  File "C:\mobile-sps\venv\Lib\site-packages\django\core\handlers\base.py", line 115, in _get_response
    response = self.process_exception_by_middleware(e, request)
               ^^^^^^^^^^^^^^^^^^^^^^^^^^^^^^^^^^^^^^^^^^^^^^^^
  File "C:\mobile-sps\venv\Lib\site-packages\django\core\handlers\base.py", line 113, in _get_response
    response = wrapped_callback(request, *callback_args, **callback_kwargs)
               ^^^^^^^^^^^^^^^^^^^^^^^^^^^^^^^^^^^^^^^^^^^^^^^^^^^^^^^^^^^^
  File "C:\mobile-sps\venv\Lib\site-packages\django\views\decorators\csrf.py", line 54, in wrapped_view
    return view_func(*args, **kwargs)
           ^^^^^^^^^^^^^^^^^^^^^^^^^^
  File "C:\mobile-sps\venv\Lib\site-packages\rest_framework\viewsets.py", line 125, in view
    return self.dispatch(request, *args, **kwargs)
           ^^^^^^^^^^^^^^^^^^^^^^^^^^^^^^^^^^^^^^^
  File "C:\mobile-sps\core\decorator.py", line 58, in dispatch
    return super().dispatch(request, *args, **kwargs)
           ^^^^^^^^^^^^^^^^^^^^^^^^^^^^^^^^^^^^^^^^^^
  File "C:\mobile-sps\venv\Lib\site-packages\rest_framework\views.py", line 509, in dispatch
    response = self.handle_exception(exc)
               ^^^^^^^^^^^^^^^^^^^^^^^^^^
  File "C:\mobile-sps\venv\Lib\site-packages\rest_framework\views.py", line 469, in handle_exception
    self.raise_uncaught_exception(exc)
  File "C:\mobile-sps\venv\Lib\site-packages\rest_framework\views.py", line 480, in raise_uncaught_exception
    raise exc
  File "C:\mobile-sps\venv\Lib\site-packages\rest_framework\views.py", line 506, in dispatch
    response = handler(request, *args, **kwargs)
               ^^^^^^^^^^^^^^^^^^^^^^^^^^^^^^^^^
  File "C:\mobile-sps\venv\Lib\site-packages\rest_framework\mixins.py", line 40, in list
    page = self.paginate_queryset(queryset)
           ^^^^^^^^^^^^^^^^^^^^^^^^^^^^^^^^
  File "C:\mobile-sps\venv\Lib\site-packages\rest_framework\generics.py", line 171, in paginate_queryset
    return self.paginator.paginate_queryset(queryset, self.request, view=self)
           ^^^^^^^^^^^^^^^^^^^^^^^^^^^^^^^^^^^^^^^^^^^^^^^^^^^^^^^^^^^^^^^^^^^
  File "C:\mobile-sps\venv\Lib\site-packages\rest_framework\pagination.py", line 395, in paginate_queryset
    return list(queryset[self.offset:self.offset + self.limit])
           ^^^^^^^^^^^^^^^^^^^^^^^^^^^^^^^^^^^^^^^^^^^^^^^^^^^^
  File "C:\mobile-sps\venv\Lib\site-packages\django\db\models\query.py", line 274, in __iter__
    self._fetch_all()
  File "C:\mobile-sps\venv\Lib\site-packages\django\db\models\query.py", line 1244, in _fetch_all
    self._prefetch_related_objects()
  File "C:\mobile-sps\venv\Lib\site-packages\django\db\models\query.py", line 771, in _prefetch_related_objects
    prefetch_related_objects(self._result_cache, *self._prefetch_related_lookups)
  File "C:\mobile-sps\venv\Lib\site-packages\django\db\models\query.py", line 1612, in prefetch_related_objects
    raise AttributeError("Cannot find '%s' on %s object, '%s' is an invalid "
AttributeError: Cannot find 'itensorcamento_set' on Orcamentos object, 'itensorcamento_set' is an invalid parameter to prefetch_related()
[2025-08-01 14:17:42,993] [ERROR] django.server: "GET /api/ola/orcamentos/orcamentos/?limit=50&offset=0&search=&cliente_nome=&pedi_nume=&pedi_empr=1&pedi_fili=1&pedi_usua=1 HTTP/1.1" 500 23886
[2025-08-01 14:18:13,690] [ERROR] django.request: Internal Server Error: /api/ola/pedidos/pedidos/
Traceback (most recent call last):
  File "C:\mobile-sps\venv\Lib\site-packages\django\core\handlers\exception.py", line 34, in inner
    response = get_response(request)
               ^^^^^^^^^^^^^^^^^^^^^
  File "C:\mobile-sps\venv\Lib\site-packages\django\core\handlers\base.py", line 115, in _get_response
    response = self.process_exception_by_middleware(e, request)
               ^^^^^^^^^^^^^^^^^^^^^^^^^^^^^^^^^^^^^^^^^^^^^^^^
  File "C:\mobile-sps\venv\Lib\site-packages\django\core\handlers\base.py", line 113, in _get_response
    response = wrapped_callback(request, *callback_args, **callback_kwargs)
               ^^^^^^^^^^^^^^^^^^^^^^^^^^^^^^^^^^^^^^^^^^^^^^^^^^^^^^^^^^^^
  File "C:\mobile-sps\venv\Lib\site-packages\django\views\decorators\csrf.py", line 54, in wrapped_view
    return view_func(*args, **kwargs)
           ^^^^^^^^^^^^^^^^^^^^^^^^^^
  File "C:\mobile-sps\venv\Lib\site-packages\rest_framework\viewsets.py", line 125, in view
    return self.dispatch(request, *args, **kwargs)
           ^^^^^^^^^^^^^^^^^^^^^^^^^^^^^^^^^^^^^^^
  File "C:\mobile-sps\core\decorator.py", line 58, in dispatch
    return super().dispatch(request, *args, **kwargs)
           ^^^^^^^^^^^^^^^^^^^^^^^^^^^^^^^^^^^^^^^^^^
  File "C:\mobile-sps\venv\Lib\site-packages\rest_framework\views.py", line 509, in dispatch
    response = self.handle_exception(exc)
               ^^^^^^^^^^^^^^^^^^^^^^^^^^
  File "C:\mobile-sps\venv\Lib\site-packages\rest_framework\views.py", line 469, in handle_exception
    self.raise_uncaught_exception(exc)
  File "C:\mobile-sps\venv\Lib\site-packages\rest_framework\views.py", line 480, in raise_uncaught_exception
    raise exc
  File "C:\mobile-sps\venv\Lib\site-packages\rest_framework\views.py", line 506, in dispatch
    response = handler(request, *args, **kwargs)
               ^^^^^^^^^^^^^^^^^^^^^^^^^^^^^^^^^
  File "C:\mobile-sps\venv\Lib\site-packages\rest_framework\mixins.py", line 40, in list
    page = self.paginate_queryset(queryset)
           ^^^^^^^^^^^^^^^^^^^^^^^^^^^^^^^^
  File "C:\mobile-sps\venv\Lib\site-packages\rest_framework\generics.py", line 171, in paginate_queryset
    return self.paginator.paginate_queryset(queryset, self.request, view=self)
           ^^^^^^^^^^^^^^^^^^^^^^^^^^^^^^^^^^^^^^^^^^^^^^^^^^^^^^^^^^^^^^^^^^^
  File "C:\mobile-sps\venv\Lib\site-packages\rest_framework\pagination.py", line 395, in paginate_queryset
    return list(queryset[self.offset:self.offset + self.limit])
           ^^^^^^^^^^^^^^^^^^^^^^^^^^^^^^^^^^^^^^^^^^^^^^^^^^^^
  File "C:\mobile-sps\venv\Lib\site-packages\django\db\models\query.py", line 274, in __iter__
    self._fetch_all()
  File "C:\mobile-sps\venv\Lib\site-packages\django\db\models\query.py", line 1244, in _fetch_all
    self._prefetch_related_objects()
  File "C:\mobile-sps\venv\Lib\site-packages\django\db\models\query.py", line 771, in _prefetch_related_objects
    prefetch_related_objects(self._result_cache, *self._prefetch_related_lookups)
  File "C:\mobile-sps\venv\Lib\site-packages\django\db\models\query.py", line 1612, in prefetch_related_objects
    raise AttributeError("Cannot find '%s' on %s object, '%s' is an invalid "
AttributeError: Cannot find 'itenspedidovenda_set' on PedidoVenda object, 'itenspedidovenda_set' is an invalid parameter to prefetch_related()
[2025-08-01 14:18:13,768] [ERROR] django.server: "GET /api/ola/pedidos/pedidos/?limit=40&offset=0&cliente_nome=&pedi_nume=&pedi_empr=1&pedi_fili=1&pedi_usua=1 HTTP/1.1" 500 23844
[2025-08-01 14:18:16,004] [ERROR] django.request: Internal Server Error: /api/ola/pedidos/pedidos/
Traceback (most recent call last):
  File "C:\mobile-sps\venv\Lib\site-packages\django\core\handlers\exception.py", line 34, in inner
    response = get_response(request)
               ^^^^^^^^^^^^^^^^^^^^^
  File "C:\mobile-sps\venv\Lib\site-packages\django\core\handlers\base.py", line 115, in _get_response
    response = self.process_exception_by_middleware(e, request)
               ^^^^^^^^^^^^^^^^^^^^^^^^^^^^^^^^^^^^^^^^^^^^^^^^
  File "C:\mobile-sps\venv\Lib\site-packages\django\core\handlers\base.py", line 113, in _get_response
    response = wrapped_callback(request, *callback_args, **callback_kwargs)
               ^^^^^^^^^^^^^^^^^^^^^^^^^^^^^^^^^^^^^^^^^^^^^^^^^^^^^^^^^^^^
  File "C:\mobile-sps\venv\Lib\site-packages\django\views\decorators\csrf.py", line 54, in wrapped_view
    return view_func(*args, **kwargs)
           ^^^^^^^^^^^^^^^^^^^^^^^^^^
  File "C:\mobile-sps\venv\Lib\site-packages\rest_framework\viewsets.py", line 125, in view
    return self.dispatch(request, *args, **kwargs)
           ^^^^^^^^^^^^^^^^^^^^^^^^^^^^^^^^^^^^^^^
  File "C:\mobile-sps\core\decorator.py", line 58, in dispatch
    return super().dispatch(request, *args, **kwargs)
           ^^^^^^^^^^^^^^^^^^^^^^^^^^^^^^^^^^^^^^^^^^
  File "C:\mobile-sps\venv\Lib\site-packages\rest_framework\views.py", line 509, in dispatch
    response = self.handle_exception(exc)
               ^^^^^^^^^^^^^^^^^^^^^^^^^^
  File "C:\mobile-sps\venv\Lib\site-packages\rest_framework\views.py", line 469, in handle_exception
    self.raise_uncaught_exception(exc)
  File "C:\mobile-sps\venv\Lib\site-packages\rest_framework\views.py", line 480, in raise_uncaught_exception
    raise exc
  File "C:\mobile-sps\venv\Lib\site-packages\rest_framework\views.py", line 506, in dispatch
    response = handler(request, *args, **kwargs)
               ^^^^^^^^^^^^^^^^^^^^^^^^^^^^^^^^^
  File "C:\mobile-sps\venv\Lib\site-packages\rest_framework\mixins.py", line 40, in list
    page = self.paginate_queryset(queryset)
           ^^^^^^^^^^^^^^^^^^^^^^^^^^^^^^^^
  File "C:\mobile-sps\venv\Lib\site-packages\rest_framework\generics.py", line 171, in paginate_queryset
    return self.paginator.paginate_queryset(queryset, self.request, view=self)
           ^^^^^^^^^^^^^^^^^^^^^^^^^^^^^^^^^^^^^^^^^^^^^^^^^^^^^^^^^^^^^^^^^^^
  File "C:\mobile-sps\venv\Lib\site-packages\rest_framework\pagination.py", line 395, in paginate_queryset
    return list(queryset[self.offset:self.offset + self.limit])
           ^^^^^^^^^^^^^^^^^^^^^^^^^^^^^^^^^^^^^^^^^^^^^^^^^^^^
  File "C:\mobile-sps\venv\Lib\site-packages\django\db\models\query.py", line 274, in __iter__
    self._fetch_all()
  File "C:\mobile-sps\venv\Lib\site-packages\django\db\models\query.py", line 1244, in _fetch_all
    self._prefetch_related_objects()
  File "C:\mobile-sps\venv\Lib\site-packages\django\db\models\query.py", line 771, in _prefetch_related_objects
    prefetch_related_objects(self._result_cache, *self._prefetch_related_lookups)
  File "C:\mobile-sps\venv\Lib\site-packages\django\db\models\query.py", line 1612, in prefetch_related_objects
    raise AttributeError("Cannot find '%s' on %s object, '%s' is an invalid "
AttributeError: Cannot find 'itenspedidovenda_set' on PedidoVenda object, 'itenspedidovenda_set' is an invalid parameter to prefetch_related()
[2025-08-01 14:18:16,060] [ERROR] django.server: "GET /api/ola/pedidos/pedidos/?limit=40&offset=0&cliente_nome=&pedi_nume=&pedi_empr=1&pedi_fili=1&pedi_usua=1 HTTP/1.1" 500 23844
[2025-08-01 14:18:40,171] [ERROR] django.request: Internal Server Error: /api/ola/orcamentos/orcamentos/
Traceback (most recent call last):
  File "C:\mobile-sps\venv\Lib\site-packages\django\core\handlers\exception.py", line 34, in inner
    response = get_response(request)
               ^^^^^^^^^^^^^^^^^^^^^
  File "C:\mobile-sps\venv\Lib\site-packages\django\core\handlers\base.py", line 115, in _get_response
    response = self.process_exception_by_middleware(e, request)
               ^^^^^^^^^^^^^^^^^^^^^^^^^^^^^^^^^^^^^^^^^^^^^^^^
  File "C:\mobile-sps\venv\Lib\site-packages\django\core\handlers\base.py", line 113, in _get_response
    response = wrapped_callback(request, *callback_args, **callback_kwargs)
               ^^^^^^^^^^^^^^^^^^^^^^^^^^^^^^^^^^^^^^^^^^^^^^^^^^^^^^^^^^^^
  File "C:\mobile-sps\venv\Lib\site-packages\django\views\decorators\csrf.py", line 54, in wrapped_view
    return view_func(*args, **kwargs)
           ^^^^^^^^^^^^^^^^^^^^^^^^^^
  File "C:\mobile-sps\venv\Lib\site-packages\rest_framework\viewsets.py", line 125, in view
    return self.dispatch(request, *args, **kwargs)
           ^^^^^^^^^^^^^^^^^^^^^^^^^^^^^^^^^^^^^^^
  File "C:\mobile-sps\core\decorator.py", line 58, in dispatch
    return super().dispatch(request, *args, **kwargs)
           ^^^^^^^^^^^^^^^^^^^^^^^^^^^^^^^^^^^^^^^^^^
  File "C:\mobile-sps\venv\Lib\site-packages\rest_framework\views.py", line 509, in dispatch
    response = self.handle_exception(exc)
               ^^^^^^^^^^^^^^^^^^^^^^^^^^
  File "C:\mobile-sps\venv\Lib\site-packages\rest_framework\views.py", line 469, in handle_exception
    self.raise_uncaught_exception(exc)
  File "C:\mobile-sps\venv\Lib\site-packages\rest_framework\views.py", line 480, in raise_uncaught_exception
    raise exc
  File "C:\mobile-sps\venv\Lib\site-packages\rest_framework\views.py", line 506, in dispatch
    response = handler(request, *args, **kwargs)
               ^^^^^^^^^^^^^^^^^^^^^^^^^^^^^^^^^
  File "C:\mobile-sps\venv\Lib\site-packages\rest_framework\mixins.py", line 40, in list
    page = self.paginate_queryset(queryset)
           ^^^^^^^^^^^^^^^^^^^^^^^^^^^^^^^^
  File "C:\mobile-sps\venv\Lib\site-packages\rest_framework\generics.py", line 171, in paginate_queryset
    return self.paginator.paginate_queryset(queryset, self.request, view=self)
           ^^^^^^^^^^^^^^^^^^^^^^^^^^^^^^^^^^^^^^^^^^^^^^^^^^^^^^^^^^^^^^^^^^^
  File "C:\mobile-sps\venv\Lib\site-packages\rest_framework\pagination.py", line 395, in paginate_queryset
    return list(queryset[self.offset:self.offset + self.limit])
           ^^^^^^^^^^^^^^^^^^^^^^^^^^^^^^^^^^^^^^^^^^^^^^^^^^^^
  File "C:\mobile-sps\venv\Lib\site-packages\django\db\models\query.py", line 274, in __iter__
    self._fetch_all()
  File "C:\mobile-sps\venv\Lib\site-packages\django\db\models\query.py", line 1244, in _fetch_all
    self._prefetch_related_objects()
  File "C:\mobile-sps\venv\Lib\site-packages\django\db\models\query.py", line 771, in _prefetch_related_objects
    prefetch_related_objects(self._result_cache, *self._prefetch_related_lookups)
  File "C:\mobile-sps\venv\Lib\site-packages\django\db\models\query.py", line 1612, in prefetch_related_objects
    raise AttributeError("Cannot find '%s' on %s object, '%s' is an invalid "
AttributeError: Cannot find 'itensorcamento_set' on Orcamentos object, 'itensorcamento_set' is an invalid parameter to prefetch_related()
[2025-08-01 14:18:40,286] [ERROR] django.server: "GET /api/ola/orcamentos/orcamentos/?limit=50&offset=0&search=&cliente_nome=&pedi_nume=&pedi_empr=1&pedi_fili=1&pedi_usua=1 HTTP/1.1" 500 23886
[2025-08-01 14:18:47,860] [ERROR] django.request: Internal Server Error: /api/ola/orcamentos/orcamentos/
Traceback (most recent call last):
  File "C:\mobile-sps\venv\Lib\site-packages\django\core\handlers\exception.py", line 34, in inner
    response = get_response(request)
               ^^^^^^^^^^^^^^^^^^^^^
  File "C:\mobile-sps\venv\Lib\site-packages\django\core\handlers\base.py", line 115, in _get_response
    response = self.process_exception_by_middleware(e, request)
               ^^^^^^^^^^^^^^^^^^^^^^^^^^^^^^^^^^^^^^^^^^^^^^^^
  File "C:\mobile-sps\venv\Lib\site-packages\django\core\handlers\base.py", line 113, in _get_response
    response = wrapped_callback(request, *callback_args, **callback_kwargs)
               ^^^^^^^^^^^^^^^^^^^^^^^^^^^^^^^^^^^^^^^^^^^^^^^^^^^^^^^^^^^^
  File "C:\mobile-sps\venv\Lib\site-packages\django\views\decorators\csrf.py", line 54, in wrapped_view
    return view_func(*args, **kwargs)
           ^^^^^^^^^^^^^^^^^^^^^^^^^^
  File "C:\mobile-sps\venv\Lib\site-packages\rest_framework\viewsets.py", line 125, in view
    return self.dispatch(request, *args, **kwargs)
           ^^^^^^^^^^^^^^^^^^^^^^^^^^^^^^^^^^^^^^^
  File "C:\mobile-sps\core\decorator.py", line 58, in dispatch
    return super().dispatch(request, *args, **kwargs)
           ^^^^^^^^^^^^^^^^^^^^^^^^^^^^^^^^^^^^^^^^^^
  File "C:\mobile-sps\venv\Lib\site-packages\rest_framework\views.py", line 509, in dispatch
    response = self.handle_exception(exc)
               ^^^^^^^^^^^^^^^^^^^^^^^^^^
  File "C:\mobile-sps\venv\Lib\site-packages\rest_framework\views.py", line 469, in handle_exception
    self.raise_uncaught_exception(exc)
  File "C:\mobile-sps\venv\Lib\site-packages\rest_framework\views.py", line 480, in raise_uncaught_exception
    raise exc
  File "C:\mobile-sps\venv\Lib\site-packages\rest_framework\views.py", line 506, in dispatch
    response = handler(request, *args, **kwargs)
               ^^^^^^^^^^^^^^^^^^^^^^^^^^^^^^^^^
  File "C:\mobile-sps\venv\Lib\site-packages\rest_framework\mixins.py", line 40, in list
    page = self.paginate_queryset(queryset)
           ^^^^^^^^^^^^^^^^^^^^^^^^^^^^^^^^
  File "C:\mobile-sps\venv\Lib\site-packages\rest_framework\generics.py", line 171, in paginate_queryset
    return self.paginator.paginate_queryset(queryset, self.request, view=self)
           ^^^^^^^^^^^^^^^^^^^^^^^^^^^^^^^^^^^^^^^^^^^^^^^^^^^^^^^^^^^^^^^^^^^
  File "C:\mobile-sps\venv\Lib\site-packages\rest_framework\pagination.py", line 395, in paginate_queryset
    return list(queryset[self.offset:self.offset + self.limit])
           ^^^^^^^^^^^^^^^^^^^^^^^^^^^^^^^^^^^^^^^^^^^^^^^^^^^^
  File "C:\mobile-sps\venv\Lib\site-packages\django\db\models\query.py", line 274, in __iter__
    self._fetch_all()
  File "C:\mobile-sps\venv\Lib\site-packages\django\db\models\query.py", line 1244, in _fetch_all
    self._prefetch_related_objects()
  File "C:\mobile-sps\venv\Lib\site-packages\django\db\models\query.py", line 771, in _prefetch_related_objects
    prefetch_related_objects(self._result_cache, *self._prefetch_related_lookups)
  File "C:\mobile-sps\venv\Lib\site-packages\django\db\models\query.py", line 1612, in prefetch_related_objects
    raise AttributeError("Cannot find '%s' on %s object, '%s' is an invalid "
AttributeError: Cannot find 'itensorcamento_set' on Orcamentos object, 'itensorcamento_set' is an invalid parameter to prefetch_related()
[2025-08-01 14:18:47,883] [ERROR] django.server: "GET /api/ola/orcamentos/orcamentos/?limit=50&offset=0&search=&cliente_nome=&pedi_nume=&pedi_empr=1&pedi_fili=1&pedi_usua=1 HTTP/1.1" 500 23886
[2025-08-01 14:18:52,966] [ERROR] django.request: Internal Server Error: /api/ola/pedidos/pedidos/
Traceback (most recent call last):
  File "C:\mobile-sps\venv\Lib\site-packages\django\core\handlers\exception.py", line 34, in inner
    response = get_response(request)
               ^^^^^^^^^^^^^^^^^^^^^
  File "C:\mobile-sps\venv\Lib\site-packages\django\core\handlers\base.py", line 115, in _get_response
    response = self.process_exception_by_middleware(e, request)
               ^^^^^^^^^^^^^^^^^^^^^^^^^^^^^^^^^^^^^^^^^^^^^^^^
  File "C:\mobile-sps\venv\Lib\site-packages\django\core\handlers\base.py", line 113, in _get_response
    response = wrapped_callback(request, *callback_args, **callback_kwargs)
               ^^^^^^^^^^^^^^^^^^^^^^^^^^^^^^^^^^^^^^^^^^^^^^^^^^^^^^^^^^^^
  File "C:\mobile-sps\venv\Lib\site-packages\django\views\decorators\csrf.py", line 54, in wrapped_view
    return view_func(*args, **kwargs)
           ^^^^^^^^^^^^^^^^^^^^^^^^^^
  File "C:\mobile-sps\venv\Lib\site-packages\rest_framework\viewsets.py", line 125, in view
    return self.dispatch(request, *args, **kwargs)
           ^^^^^^^^^^^^^^^^^^^^^^^^^^^^^^^^^^^^^^^
  File "C:\mobile-sps\core\decorator.py", line 58, in dispatch
    return super().dispatch(request, *args, **kwargs)
           ^^^^^^^^^^^^^^^^^^^^^^^^^^^^^^^^^^^^^^^^^^
  File "C:\mobile-sps\venv\Lib\site-packages\rest_framework\views.py", line 509, in dispatch
    response = self.handle_exception(exc)
               ^^^^^^^^^^^^^^^^^^^^^^^^^^
  File "C:\mobile-sps\venv\Lib\site-packages\rest_framework\views.py", line 469, in handle_exception
    self.raise_uncaught_exception(exc)
  File "C:\mobile-sps\venv\Lib\site-packages\rest_framework\views.py", line 480, in raise_uncaught_exception
    raise exc
  File "C:\mobile-sps\venv\Lib\site-packages\rest_framework\views.py", line 506, in dispatch
    response = handler(request, *args, **kwargs)
               ^^^^^^^^^^^^^^^^^^^^^^^^^^^^^^^^^
  File "C:\mobile-sps\venv\Lib\site-packages\rest_framework\mixins.py", line 40, in list
    page = self.paginate_queryset(queryset)
           ^^^^^^^^^^^^^^^^^^^^^^^^^^^^^^^^
  File "C:\mobile-sps\venv\Lib\site-packages\rest_framework\generics.py", line 171, in paginate_queryset
    return self.paginator.paginate_queryset(queryset, self.request, view=self)
           ^^^^^^^^^^^^^^^^^^^^^^^^^^^^^^^^^^^^^^^^^^^^^^^^^^^^^^^^^^^^^^^^^^^
  File "C:\mobile-sps\venv\Lib\site-packages\rest_framework\pagination.py", line 395, in paginate_queryset
    return list(queryset[self.offset:self.offset + self.limit])
           ^^^^^^^^^^^^^^^^^^^^^^^^^^^^^^^^^^^^^^^^^^^^^^^^^^^^
  File "C:\mobile-sps\venv\Lib\site-packages\django\db\models\query.py", line 274, in __iter__
    self._fetch_all()
  File "C:\mobile-sps\venv\Lib\site-packages\django\db\models\query.py", line 1244, in _fetch_all
    self._prefetch_related_objects()
  File "C:\mobile-sps\venv\Lib\site-packages\django\db\models\query.py", line 771, in _prefetch_related_objects
    prefetch_related_objects(self._result_cache, *self._prefetch_related_lookups)
  File "C:\mobile-sps\venv\Lib\site-packages\django\db\models\query.py", line 1612, in prefetch_related_objects
    raise AttributeError("Cannot find '%s' on %s object, '%s' is an invalid "
AttributeError: Cannot find 'itenspedidovenda_set' on PedidoVenda object, 'itenspedidovenda_set' is an invalid parameter to prefetch_related()
[2025-08-01 14:18:52,972] [ERROR] django.server: "GET /api/ola/pedidos/pedidos/?limit=40&offset=0&cliente_nome=&pedi_nume=&pedi_empr=1&pedi_fili=1&pedi_usua=1 HTTP/1.1" 500 23844
[2025-08-01 14:20:26,986] [ERROR] django.request: Internal Server Error: /api/ola/pedidos/pedidos/
Traceback (most recent call last):
  File "C:\mobile-sps\venv\Lib\site-packages\django\core\handlers\exception.py", line 34, in inner
    response = get_response(request)
               ^^^^^^^^^^^^^^^^^^^^^
  File "C:\mobile-sps\venv\Lib\site-packages\django\core\handlers\base.py", line 115, in _get_response
    response = self.process_exception_by_middleware(e, request)
               ^^^^^^^^^^^^^^^^^^^^^^^^^^^^^^^^^^^^^^^^^^^^^^^^
  File "C:\mobile-sps\venv\Lib\site-packages\django\core\handlers\base.py", line 113, in _get_response
    response = wrapped_callback(request, *callback_args, **callback_kwargs)
               ^^^^^^^^^^^^^^^^^^^^^^^^^^^^^^^^^^^^^^^^^^^^^^^^^^^^^^^^^^^^
  File "C:\mobile-sps\venv\Lib\site-packages\django\views\decorators\csrf.py", line 54, in wrapped_view
    return view_func(*args, **kwargs)
           ^^^^^^^^^^^^^^^^^^^^^^^^^^
  File "C:\mobile-sps\venv\Lib\site-packages\rest_framework\viewsets.py", line 125, in view
    return self.dispatch(request, *args, **kwargs)
           ^^^^^^^^^^^^^^^^^^^^^^^^^^^^^^^^^^^^^^^
  File "C:\mobile-sps\core\decorator.py", line 58, in dispatch
    return super().dispatch(request, *args, **kwargs)
           ^^^^^^^^^^^^^^^^^^^^^^^^^^^^^^^^^^^^^^^^^^
  File "C:\mobile-sps\venv\Lib\site-packages\rest_framework\views.py", line 509, in dispatch
    response = self.handle_exception(exc)
               ^^^^^^^^^^^^^^^^^^^^^^^^^^
  File "C:\mobile-sps\venv\Lib\site-packages\rest_framework\views.py", line 469, in handle_exception
    self.raise_uncaught_exception(exc)
  File "C:\mobile-sps\venv\Lib\site-packages\rest_framework\views.py", line 480, in raise_uncaught_exception
    raise exc
  File "C:\mobile-sps\venv\Lib\site-packages\rest_framework\views.py", line 506, in dispatch
    response = handler(request, *args, **kwargs)
               ^^^^^^^^^^^^^^^^^^^^^^^^^^^^^^^^^
  File "C:\mobile-sps\venv\Lib\site-packages\rest_framework\mixins.py", line 40, in list
    page = self.paginate_queryset(queryset)
           ^^^^^^^^^^^^^^^^^^^^^^^^^^^^^^^^
  File "C:\mobile-sps\venv\Lib\site-packages\rest_framework\generics.py", line 171, in paginate_queryset
    return self.paginator.paginate_queryset(queryset, self.request, view=self)
           ^^^^^^^^^^^^^^^^^^^^^^^^^^^^^^^^^^^^^^^^^^^^^^^^^^^^^^^^^^^^^^^^^^^
  File "C:\mobile-sps\venv\Lib\site-packages\rest_framework\pagination.py", line 395, in paginate_queryset
    return list(queryset[self.offset:self.offset + self.limit])
           ^^^^^^^^^^^^^^^^^^^^^^^^^^^^^^^^^^^^^^^^^^^^^^^^^^^^
  File "C:\mobile-sps\venv\Lib\site-packages\django\db\models\query.py", line 274, in __iter__
    self._fetch_all()
  File "C:\mobile-sps\venv\Lib\site-packages\django\db\models\query.py", line 1244, in _fetch_all
    self._prefetch_related_objects()
  File "C:\mobile-sps\venv\Lib\site-packages\django\db\models\query.py", line 771, in _prefetch_related_objects
    prefetch_related_objects(self._result_cache, *self._prefetch_related_lookups)
  File "C:\mobile-sps\venv\Lib\site-packages\django\db\models\query.py", line 1612, in prefetch_related_objects
    raise AttributeError("Cannot find '%s' on %s object, '%s' is an invalid "
AttributeError: Cannot find 'itenspedidovenda_set' on PedidoVenda object, 'itenspedidovenda_set' is an invalid parameter to prefetch_related()
[2025-08-01 14:20:26,994] [ERROR] django.server: "GET /api/ola/pedidos/pedidos/?limit=40&offset=0&cliente_nome=&pedi_nume=&pedi_empr=1&pedi_fili=1&pedi_usua=1 HTTP/1.1" 500 23844
[2025-08-01 14:20:56,218] [ERROR] django.request: Internal Server Error: /api/ola/pedidos/pedidos/
Traceback (most recent call last):
  File "C:\mobile-sps\venv\Lib\site-packages\django\core\handlers\exception.py", line 34, in inner
    response = get_response(request)
               ^^^^^^^^^^^^^^^^^^^^^
  File "C:\mobile-sps\venv\Lib\site-packages\django\core\handlers\base.py", line 115, in _get_response
    response = self.process_exception_by_middleware(e, request)
               ^^^^^^^^^^^^^^^^^^^^^^^^^^^^^^^^^^^^^^^^^^^^^^^^
  File "C:\mobile-sps\venv\Lib\site-packages\django\core\handlers\base.py", line 113, in _get_response
    response = wrapped_callback(request, *callback_args, **callback_kwargs)
               ^^^^^^^^^^^^^^^^^^^^^^^^^^^^^^^^^^^^^^^^^^^^^^^^^^^^^^^^^^^^
  File "C:\mobile-sps\venv\Lib\site-packages\django\views\decorators\csrf.py", line 54, in wrapped_view
    return view_func(*args, **kwargs)
           ^^^^^^^^^^^^^^^^^^^^^^^^^^
  File "C:\mobile-sps\venv\Lib\site-packages\rest_framework\viewsets.py", line 125, in view
    return self.dispatch(request, *args, **kwargs)
           ^^^^^^^^^^^^^^^^^^^^^^^^^^^^^^^^^^^^^^^
  File "C:\mobile-sps\core\decorator.py", line 58, in dispatch
    return super().dispatch(request, *args, **kwargs)
           ^^^^^^^^^^^^^^^^^^^^^^^^^^^^^^^^^^^^^^^^^^
  File "C:\mobile-sps\venv\Lib\site-packages\rest_framework\views.py", line 509, in dispatch
    response = self.handle_exception(exc)
               ^^^^^^^^^^^^^^^^^^^^^^^^^^
  File "C:\mobile-sps\venv\Lib\site-packages\rest_framework\views.py", line 469, in handle_exception
    self.raise_uncaught_exception(exc)
  File "C:\mobile-sps\venv\Lib\site-packages\rest_framework\views.py", line 480, in raise_uncaught_exception
    raise exc
  File "C:\mobile-sps\venv\Lib\site-packages\rest_framework\views.py", line 506, in dispatch
    response = handler(request, *args, **kwargs)
               ^^^^^^^^^^^^^^^^^^^^^^^^^^^^^^^^^
  File "C:\mobile-sps\venv\Lib\site-packages\rest_framework\mixins.py", line 40, in list
    page = self.paginate_queryset(queryset)
           ^^^^^^^^^^^^^^^^^^^^^^^^^^^^^^^^
  File "C:\mobile-sps\venv\Lib\site-packages\rest_framework\generics.py", line 171, in paginate_queryset
    return self.paginator.paginate_queryset(queryset, self.request, view=self)
           ^^^^^^^^^^^^^^^^^^^^^^^^^^^^^^^^^^^^^^^^^^^^^^^^^^^^^^^^^^^^^^^^^^^
  File "C:\mobile-sps\venv\Lib\site-packages\rest_framework\pagination.py", line 395, in paginate_queryset
    return list(queryset[self.offset:self.offset + self.limit])
           ^^^^^^^^^^^^^^^^^^^^^^^^^^^^^^^^^^^^^^^^^^^^^^^^^^^^
  File "C:\mobile-sps\venv\Lib\site-packages\django\db\models\query.py", line 274, in __iter__
    self._fetch_all()
  File "C:\mobile-sps\venv\Lib\site-packages\django\db\models\query.py", line 1244, in _fetch_all
    self._prefetch_related_objects()
  File "C:\mobile-sps\venv\Lib\site-packages\django\db\models\query.py", line 771, in _prefetch_related_objects
    prefetch_related_objects(self._result_cache, *self._prefetch_related_lookups)
  File "C:\mobile-sps\venv\Lib\site-packages\django\db\models\query.py", line 1612, in prefetch_related_objects
    raise AttributeError("Cannot find '%s' on %s object, '%s' is an invalid "
AttributeError: Cannot find 'itenspedidovenda_set' on PedidoVenda object, 'itenspedidovenda_set' is an invalid parameter to prefetch_related()
[2025-08-01 14:20:56,232] [ERROR] django.server: "GET /api/ola/pedidos/pedidos/?limit=40&offset=0&cliente_nome=&pedi_nume=&pedi_empr=1&pedi_fili=1&pedi_usua=1 HTTP/1.1" 500 23844
[2025-08-01 14:21:24,599] [ERROR] Orcamentos.views: Erro ao transformar orçamento em pedido: Itenspedidovenda() got an unexpected keyword argument 'iped_pdes_item'
[2025-08-01 14:21:24,654] [ERROR] django.request: Internal Server Error: /api/ola/orcamentos/orcamentos/2/transformar-em-pedido/
[2025-08-01 14:21:24,656] [ERROR] django.server: "POST /api/ola/orcamentos/orcamentos/2/transformar-em-pedido/ HTTP/1.1" 500 124
[2025-08-01 14:22:06,161] [ERROR] Orcamentos.views: Erro ao transformar orçamento em pedido: Itenspedidovenda() got an unexpected keyword argument 'iped_pdes_item'
[2025-08-01 14:22:06,190] [ERROR] django.request: Internal Server Error: /api/ola/orcamentos/orcamentos/5/transformar-em-pedido/
[2025-08-01 14:22:06,190] [ERROR] django.server: "POST /api/ola/orcamentos/orcamentos/5/transformar-em-pedido/ HTTP/1.1" 500 124
[2025-08-01 14:32:27,060] [ERROR] Orcamentos.views: Erro ao transformar orçamento em pedido: Itenspedidovenda() got an unexpected keyword argument 'iped_pdes_item'
[2025-08-01 14:32:27,082] [ERROR] django.request: Internal Server Error: /api/ola/orcamentos/orcamentos/5/transformar-em-pedido/
[2025-08-01 14:32:27,083] [ERROR] django.server: "POST /api/ola/orcamentos/orcamentos/5/transformar-em-pedido/ HTTP/1.1" 500 124
[2025-08-01 14:35:29,149] [ERROR] django.request: Internal Server Error: /api/ola/orcamentos/orcamentos/5/transformar-em-pedido/
Traceback (most recent call last):
  File "C:\mobile-sps\venv\Lib\site-packages\django\core\handlers\exception.py", line 34, in inner
    response = get_response(request)
               ^^^^^^^^^^^^^^^^^^^^^
  File "C:\mobile-sps\venv\Lib\site-packages\django\core\handlers\base.py", line 115, in _get_response
    response = self.process_exception_by_middleware(e, request)
               ^^^^^^^^^^^^^^^^^^^^^^^^^^^^^^^^^^^^^^^^^^^^^^^^
  File "C:\mobile-sps\venv\Lib\site-packages\django\core\handlers\base.py", line 113, in _get_response
    response = wrapped_callback(request, *callback_args, **callback_kwargs)
               ^^^^^^^^^^^^^^^^^^^^^^^^^^^^^^^^^^^^^^^^^^^^^^^^^^^^^^^^^^^^
  File "C:\mobile-sps\venv\Lib\site-packages\django\views\decorators\csrf.py", line 54, in wrapped_view
    return view_func(*args, **kwargs)
           ^^^^^^^^^^^^^^^^^^^^^^^^^^
  File "C:\mobile-sps\venv\Lib\site-packages\rest_framework\viewsets.py", line 125, in view
    return self.dispatch(request, *args, **kwargs)
           ^^^^^^^^^^^^^^^^^^^^^^^^^^^^^^^^^^^^^^^
  File "C:\mobile-sps\venv\Lib\site-packages\rest_framework\views.py", line 509, in dispatch
    response = self.handle_exception(exc)
               ^^^^^^^^^^^^^^^^^^^^^^^^^^
  File "C:\mobile-sps\venv\Lib\site-packages\rest_framework\views.py", line 469, in handle_exception
    self.raise_uncaught_exception(exc)
  File "C:\mobile-sps\venv\Lib\site-packages\rest_framework\views.py", line 480, in raise_uncaught_exception
    raise exc
  File "C:\mobile-sps\venv\Lib\site-packages\rest_framework\views.py", line 506, in dispatch
    response = handler(request, *args, **kwargs)
               ^^^^^^^^^^^^^^^^^^^^^^^^^^^^^^^^^
TypeError: OrcamentoViewSet.transformar_em_pedido() got an unexpected keyword argument 'slug'
[2025-08-01 14:35:29,175] [ERROR] django.server: "POST /api/ola/orcamentos/orcamentos/5/transformar-em-pedido/ HTTP/1.1" 500 22322
